C:\Program Files\Microsoft Visual Studio\2022\Professional\MSBuild\Microsoft\VC\v170\Microsoft.CppBuild.targets(1101,5): warning MSB8027: 名为 defineDemo.c 的两个或更多文件将生成到同一位置的输出。这会导致错误的生成结果。   调用的文件是 defineDemo.c, defineDemo.c。
  addressPassDemo.cpp
  continueExercise.cpp
  exercise03.cpp
  funcTheory.cpp
  funDetailExercise.cpp
  nullPointer.cpp
  allExercise01.c
  allExercise02.c
  arithmeticDemo.c
  arithmeticExercise01.c
  arithmeticExercise02.c
  arrayDemo01.c
  arrDemo02.c
  arrDetail.c
  arrExercise.c
  assignedOperator.c
  basicToStr.c
  binarySearch.c
  boolDemo.c
  breakDemo.c
  breakExercise02.c
  bubbleSort.c
  callbackFun.c
  catDemo.c
  charArrDemo01.c
  charArrDemo02.c
  正在编译...
  charArrDemo03.c
  charArrDemo4.c
  charArrDemo5.c
  charDemo.c
  constDemo01.c
  constDemo02.c
  constvsdefine01.c
  constvsdefine02.c
  continueDemo01.c
  customerManage.c
  debugDemo.c
  debugDemo02.c
  debugDemo04.c
  debugDemo3.c
  defineDemo.c
  defineDemo.c
  doWhileDemo.c
  doWhileExercise.c
  enumDemo.c
  enumDemo02.c
  正在编译...
  enumSwitchDemo.c
  exercise01.c
  exercise02.c
  file01.c
  file02.c
C:\Users\yangx\source\repos\CProject\CProject\file02.c(1,1): warning C4828: 文件包含在偏移 0x70 处开始的字符，该字符在当前源字符集中无效(代码页 936)。
  file03.c
  file04.c
  fileDemo01.c
  fileDemo02.c
  fileDemo03.c
  fileDemo04.c
  fileDemo05.c
  floatdoubleDemo.c
  forceTypeTransfer.c
  forDemo01.c
  forExercise01.c
  funcDemo01.c
  funcExercise01.c
  funDetails.c
  funPointer.c
  正在编译...
  funVsDefine.c
  gotoDemo.c
  hello.c
  ifDemo.c
  ifelseDemo.c
  ifelseExercise.c
  inputDemo.c
  intDemo.c
C:\Users\yangx\source\repos\CProject\CProject\intDemo.c(6,14): warning C4146: 一元负运算符应用于无符号类型，结果仍为无符号类型
  intDetail.c
  logicOperator.c
  mallocDemo.c
  memberNotice.c
  muitlArrExercise01.c
  muitlPointerDemo.c
  mulOperator.c
  multiArrDemo01.c
  multiForExercise01.c
  multiForExercise02.c
  multiIfElse.c
  multiIfElse02.c
  正在编译...
  multiParameterFun.c
  myAccount.c
  myAccount2.c
  myExercise.c
  myfun.c
  nestedIfElse.c
  operatorDemo.c
  parameterDefine.c
  pointer.c
  pointerArr01.c
  pointerArrCase.c
  pointerCompare.c
  pointerCompare02.c
  pointerDemo01.c
  pointerDemo02.c
  pointerDemo03.c
  pointerExercise01.c
  pointerPassDemo01.c
  pointerPassDemo02.c
  preProcessDemo01.c
  正在编译...
  recursionDemo01.c
  recursionExercise.c
  returnPointerExercise.c
  returnPointerFun.c
  returnPointerFunDetail.c
  searchSeq.c
  stars.c
  staticDemo.c
  strFun.c
  strToBasic.c
  structExercise01.c
  structMemberDemo02.c
  stuAndTeacher.c
  studensScore.c
  switchDemo.c
  switchExercise.c
  test.c
  timeDemo01.c
  typeTransfer.c
  unionDemo01.c
  正在编译...
  varDemo01.c
  varDetail.c
  varExercise01.c
  varExercise02.c
  varInitDemo.c
  varScope01.c
  visitorTicket.c
  whileDemo.c
  whileExercise.c
Release\defineDemo.obj : warning LNK4042: 对象被多次指定；已忽略多余的指定
test.obj : error LNK2005: _main 已经在 intDemo.obj 中定义
C:\Users\yangx\source\repos\CProject\Release\CProject.exe : fatal error LNK1169: 找到一个或多个多重定义的符号
